<?xml version="1.0" encoding="UTF-8"?>
<!-- Generated by org.testng.reporters.JUnitReportReporter -->
<testsuite hostname="LAPTOP-FGI9J6MU" failures="0" tests="1" name="com.qa.tests.LoginTest" time="0.026" errors="0" timestamp="11 Aug 2021 01:45:10 GMT">
  <testcase classname="com.qa.tests.LoginTest" name="test1" time="0.026"/>
</testsuite> <!-- com.qa.tests.LoginTest -->
